  morphing.cpp
morphing.cpp(109): warning C4244: '=': 將 'int' 轉換為 'float'，由於類型不同，可能導致資料遺失
morphing.cpp(110): warning C4244: '=': 將 'int' 轉換為 'float'，由於類型不同，可能導致資料遺失
morphing.cpp(111): warning C4244: '=': 將 'int' 轉換為 'float'，由於類型不同，可能導致資料遺失
morphing.cpp(112): warning C4244: '=': 將 'int' 轉換為 'float'，由於類型不同，可能導致資料遺失
morphing.cpp(113): warning C4244: '=': 將 'int' 轉換為 'float'，由於類型不同，可能導致資料遺失
morphing.cpp(114): warning C4244: '=': 將 'int' 轉換為 'float'，由於類型不同，可能導致資料遺失
morphing.cpp(158): warning C4244: '=': 將 'int' 轉換為 'float'，由於類型不同，可能導致資料遺失
morphing.cpp(159): warning C4244: '=': 將 'int' 轉換為 'float'，由於類型不同，可能導致資料遺失
morphing.cpp(160): warning C4244: '=': 將 'int' 轉換為 'float'，由於類型不同，可能導致資料遺失
morphing.cpp(161): warning C4244: '=': 將 'int' 轉換為 'float'，由於類型不同，可能導致資料遺失
morphing.cpp(162): warning C4244: '=': 將 'int' 轉換為 'float'，由於類型不同，可能導致資料遺失
morphing.cpp(163): warning C4244: '=': 將 'int' 轉換為 'float'，由於類型不同，可能導致資料遺失
  正在產生程式碼
  7 of 90 functions ( 7.8%) were compiled, the rest were copied from previous compilation.
    0 functions were new in current compilation
    0 functions had inline decision re-evaluated but remain unchanged
  已完成程式碼產生
  HW2_Morphing.vcxproj -> D:\NCKU\Computer_Graph_Application\HW2_Image_Morphing\HW2_Morphing\x64\Release\HW2_Morphing.exe
  HW2_Morphing.vcxproj -> D:\NCKU\Computer_Graph_Application\HW2_Image_Morphing\HW2_Morphing\x64\Release\HW2_Morphing.pdb (Full PDB)
